{
  "stats": {
    "suites": 1,
    "tests": 2,
    "passes": 1,
    "pending": 0,
    "failures": 1,
    "start": "2022-08-30T10:21:16.146Z",
    "end": "2022-08-30T10:21:21.106Z",
    "duration": 4960,
    "testsRegistered": 2,
    "passPercent": 50,
    "pendingPercent": 0,
    "other": 0,
    "hasOther": false,
    "skipped": 0,
    "hasSkipped": false
  },
  "results": [
    {
      "uuid": "ff8e7929-04be-48b1-b0e3-590e96d2fe00",
      "title": "",
      "fullFile": "cypress\\integration\\examples\\BDD\\ecommerce.feature",
      "file": "cypress\\integration\\examples\\BDD\\ecommerce.feature",
      "beforeHooks": [],
      "afterHooks": [],
      "tests": [],
      "suites": [
        {
          "uuid": "8a57435d-7f6e-40b3-8379-8bb27cd38524",
          "title": "End to end Ecommerce validation",
          "fullFile": "",
          "file": "",
          "beforeHooks": [],
          "afterHooks": [],
          "tests": [
            {
              "title": "Ecommerce products delivery",
              "fullTitle": "End to end Ecommerce validation Ecommerce products delivery",
              "timedOut": null,
              "duration": 1972,
              "state": "failed",
              "speed": null,
              "pass": false,
              "fail": true,
              "pending": false,
              "context": null,
              "code": "const state = window.testState;\nreturn cy\n  .then(() => state.onStartScenario(scenario, indexedSteps))\n  .then(() =>\n    resolveAndRunBeforeHooks.call(this, scenario.tags, state.feature.name)\n  )\n  .then(() =>\n    indexedSteps.forEach((step) =>\n      stepTest.call(this, state, step, rowData)\n    )\n  )\n  .then(() => state.onFinishScenario(scenario));",
              "err": {
                "message": "CypressError: Oops, it looks like you are trying to call a child command before running a parent command.\n\nYou wrote code that looks like this:\n\n``cy.select(\"Blackberry\")``\n\nA child command must be chained after a parent because it operates on a previous subject.\n\nFor example - if we were issuing the child command `click`...\n\ncy\n  .get('button') // parent command must come first\n  .click()       // then child command comes second",
                "estack": "CypressError: Oops, it looks like you are trying to call a child command before running a parent command.\n\nYou wrote code that looks like this:\n\n``cy.select(\"Blackberry\")``\n\nA child command must be chained after a parent because it operates on a previous subject.\n\nFor example - if we were issuing the child command `click`...\n\ncy\n  .get('button') // parent command must come first\n  .click()       // then child command comes second\n    at $Cy.validateFirstCall (https://rahulshettyacademy.com/__cypress/runner/cypress_runner.js:167833:68)\n    at wrapped (https://rahulshettyacademy.com/__cypress/runner/cypress_runner.js:167337:14)\nFrom Your Spec Code:\n    at eval (https://rahulshettyacademy.com/__cypress/tests?p=cypress\\integration\\examples\\BDD\\ecommerce.feature:68:8)\n    at Context.eval (https://rahulshettyacademy.com/__cypress/tests?p=cypress\\integration\\examples\\BDD\\ecommerce.feature:67:25)\n    at Context.resolveAndRunStepDefinition (https://rahulshettyacademy.com/__cypress/tests?p=cypress\\integration\\examples\\BDD\\ecommerce.feature:10644:29)\n    at Context.eval (https://rahulshettyacademy.com/__cypress/tests?p=cypress\\integration\\examples\\BDD\\ecommerce.feature:9965:35)",
                "diff": null
              },
              "uuid": "5fc292dc-dd7b-48da-aede-0ac30e250ebd",
              "parentUUID": "8a57435d-7f6e-40b3-8379-8bb27cd38524",
              "isHook": false,
              "skipped": false
            },
            {
              "title": "Filling the form to shop",
              "fullTitle": "End to end Ecommerce validation Filling the form to shop",
              "timedOut": null,
              "duration": 822,
              "state": "passed",
              "speed": "fast",
              "pass": true,
              "fail": false,
              "pending": false,
              "context": null,
              "code": "const state = window.testState;\nreturn cy\n  .then(() => state.onStartScenario(scenario, indexedSteps))\n  .then(() =>\n    resolveAndRunBeforeHooks.call(this, scenario.tags, state.feature.name)\n  )\n  .then(() =>\n    indexedSteps.forEach((step) =>\n      stepTest.call(this, state, step, rowData)\n    )\n  )\n  .then(() => state.onFinishScenario(scenario));",
              "err": {},
              "uuid": "f48e559a-55fd-49ae-b5dd-6222cdd00400",
              "parentUUID": "8a57435d-7f6e-40b3-8379-8bb27cd38524",
              "isHook": false,
              "skipped": false
            }
          ],
          "suites": [],
          "passes": [
            "f48e559a-55fd-49ae-b5dd-6222cdd00400"
          ],
          "failures": [
            "5fc292dc-dd7b-48da-aede-0ac30e250ebd"
          ],
          "pending": [],
          "skipped": [],
          "duration": 2794,
          "root": false,
          "rootEmpty": false,
          "_timeout": 2000
        }
      ],
      "passes": [],
      "failures": [],
      "pending": [],
      "skipped": [],
      "duration": 0,
      "root": true,
      "rootEmpty": true,
      "_timeout": 2000
    }
  ],
  "meta": {
    "mocha": {
      "version": "7.0.1"
    },
    "mochawesome": {
      "options": {
        "quiet": false,
        "reportFilename": "mochawesome",
        "saveHtml": true,
        "saveJson": true,
        "consoleReporter": "spec",
        "useInlineDiffs": false,
        "code": true
      },
      "version": "7.1.3"
    },
    "marge": {
      "options": null,
      "version": "6.2.0"
    }
  }
}